[2024-04-09 18:58:31,953: INFO: main: Welcome to our custom logging.]
[2024-04-10 15:31:39,603: INFO: common: yaml file: config\config.yaml loaded successfully]
[2024-04-10 15:31:39,620: INFO: common: yaml file: params.yaml loaded successfully]
[2024-04-10 15:31:39,624: INFO: common: yaml file: schema.yaml loaded successfully]
[2024-04-10 15:31:39,639: INFO: common: created directory at: artifacts]
[2024-04-10 15:31:39,641: INFO: common: created directory at: artifacts/data_ingestion]
[2024-04-10 15:34:11,482: INFO: common: yaml file: config\config.yaml loaded successfully]
[2024-04-10 15:34:11,484: INFO: common: yaml file: params.yaml loaded successfully]
[2024-04-10 15:34:11,485: INFO: common: yaml file: schema.yaml loaded successfully]
[2024-04-10 15:34:11,486: INFO: common: created directory at: artifacts]
[2024-04-10 15:34:11,487: INFO: common: created directory at: artifacts/data_ingestion]
[2024-04-10 15:34:12,251: INFO: configuration: artifacts/data_ingestion/data.zip download! with following info: 
Connection: close
Content-Length: 23329
Cache-Control: max-age=300
Content-Security-Policy: default-src 'none'; style-src 'unsafe-inline'; sandbox
Content-Type: application/zip
ETag: "c69888a4ae59bc5a893392785a938ccd4937981c06ba8a9d6a21aa52b4ab5b6e"
Strict-Transport-Security: max-age=31536000
X-Content-Type-Options: nosniff
X-Frame-Options: deny
X-XSS-Protection: 1; mode=block
X-GitHub-Request-Id: 7D80:271D98:35E812:41CAC8:6616EFAB
Accept-Ranges: bytes
Date: Wed, 10 Apr 2024 20:34:12 GMT
Via: 1.1 varnish
X-Served-By: cache-chi-klot8100121-CHI
X-Cache: HIT
X-Cache-Hits: 0
X-Timer: S1712781252.402630,VS0,VE60
Vary: Authorization,Accept-Encoding,Origin
Access-Control-Allow-Origin: *
Cross-Origin-Resource-Policy: cross-origin
X-Fastly-Request-ID: 9f8b7608c2f29261a26819eea09475abae772918
Expires: Wed, 10 Apr 2024 20:39:12 GMT
Source-Age: 0

]
[2024-04-10 15:34:12,278: INFO: main: Welcome to our custom logging.]
[2024-04-10 15:34:12,278: INFO: main: >>>>>>> stage DATA INGESTION STAGE started <<<<<<<<<<<<]
[2024-04-10 15:34:12,281: INFO: common: yaml file: config\config.yaml loaded successfully]
[2024-04-10 15:34:12,283: INFO: common: yaml file: params.yaml loaded successfully]
[2024-04-10 15:34:12,284: INFO: common: yaml file: schema.yaml loaded successfully]
[2024-04-10 15:34:12,285: INFO: common: created directory at: artifacts]
[2024-04-10 15:34:12,285: INFO: common: created directory at: artifacts/data_ingestion]
[2024-04-10 15:34:12,286: INFO: data_ingestion: File already exists of size: ~ 23 KB]
[2024-04-10 15:34:12,290: INFO: main: >>>>>>> stage DATA INGESTION STAGE data ingestion has completed <<<<<<<<<<<<

x=====================x]
[2024-04-10 15:55:28,464: INFO: common: yaml file: config\config.yaml loaded successfully]
[2024-04-10 15:55:28,499: INFO: common: yaml file: params.yaml loaded successfully]
[2024-04-10 15:55:28,506: INFO: common: yaml file: schema.yaml loaded successfully]
[2024-04-10 15:55:28,510: INFO: common: created directory at: artifacts]
[2024-04-10 15:55:28,517: INFO: common: created directory at: artifacts/data_ingestion]
[2024-04-10 15:55:29,475: INFO: configuration: artifacts/data_ingestion/data.zip download! with following info: 
Connection: close
Content-Length: 23329
Cache-Control: max-age=300
Content-Security-Policy: default-src 'none'; style-src 'unsafe-inline'; sandbox
Content-Type: application/zip
ETag: "c69888a4ae59bc5a893392785a938ccd4937981c06ba8a9d6a21aa52b4ab5b6e"
Strict-Transport-Security: max-age=31536000
X-Content-Type-Options: nosniff
X-Frame-Options: deny
X-XSS-Protection: 1; mode=block
X-GitHub-Request-Id: 7D80:271D98:35E812:41CAC8:6616EFAB
Accept-Ranges: bytes
Date: Wed, 10 Apr 2024 20:55:29 GMT
Via: 1.1 varnish
X-Served-By: cache-chi-klot8100024-CHI
X-Cache: HIT
X-Cache-Hits: 0
X-Timer: S1712782530.618640,VS0,VE66
Vary: Authorization,Accept-Encoding,Origin
Access-Control-Allow-Origin: *
Cross-Origin-Resource-Policy: cross-origin
X-Fastly-Request-ID: 6b5ec8dac79583bc496597b38212dde03597e00a
Expires: Wed, 10 Apr 2024 21:00:29 GMT
Source-Age: 0

]
[2024-04-10 15:55:29,559: INFO: main: Welcome to our custom logging.]
[2024-04-10 15:55:29,560: INFO: main: >>>>>>> stage DATA INGESTION STAGE started <<<<<<<<<<<<]
[2024-04-10 15:55:29,596: INFO: common: yaml file: config\config.yaml loaded successfully]
[2024-04-10 15:55:29,609: INFO: common: yaml file: params.yaml loaded successfully]
[2024-04-10 15:55:29,617: INFO: common: yaml file: schema.yaml loaded successfully]
[2024-04-10 15:55:29,621: INFO: common: created directory at: artifacts]
[2024-04-10 15:55:29,626: INFO: common: created directory at: artifacts/data_ingestion]
[2024-04-10 15:55:29,628: INFO: data_ingestion: File already exists of size: ~ 23 KB]
[2024-04-10 15:55:29,641: INFO: main: >>>>>>> stage DATA INGESTION STAGE data ingestion has completed <<<<<<<<<<<<

x=====================x]
[2024-04-10 19:46:58,132: INFO: common: yaml file: config\config.yaml loaded successfully]
[2024-04-10 19:46:58,167: INFO: common: yaml file: params.yaml loaded successfully]
[2024-04-10 19:46:58,183: INFO: common: yaml file: schema.yaml loaded successfully]
[2024-04-10 19:46:58,198: INFO: common: created directory at: artifacts]
[2024-04-10 19:46:58,200: INFO: common: created directory at: artifacts/data_ingestion]
[2024-04-10 19:46:58,202: INFO: configuration: File already exists of size: ~ 23 KB]
[2024-04-10 19:47:04,910: INFO: main: Welcome to our custom logging.]
[2024-04-10 19:47:04,910: INFO: main: >>>>>>> stage DATA INGESTION STAGE started <<<<<<<<<<<<]
[2024-04-10 19:47:04,916: INFO: common: yaml file: config\config.yaml loaded successfully]
[2024-04-10 19:47:04,919: INFO: common: yaml file: params.yaml loaded successfully]
[2024-04-10 19:47:04,928: INFO: common: yaml file: schema.yaml loaded successfully]
[2024-04-10 19:47:04,929: INFO: common: created directory at: artifacts]
[2024-04-10 19:47:04,930: INFO: common: created directory at: artifacts/data_ingestion]
[2024-04-10 19:47:04,931: INFO: data_ingestion: File already exists of size: ~ 23 KB]
[2024-04-10 19:47:04,938: INFO: main: >>>>>>> stage DATA INGESTION STAGE data ingestion has completed <<<<<<<<<<<<

x=====================x]
[2024-04-10 19:47:04,938: INFO: main: >>>>>>> stage DATA VALIDATION STAGE started <<<<<<<<<<<<]
[2024-04-10 19:47:04,947: INFO: common: yaml file: config\config.yaml loaded successfully]
[2024-04-10 19:47:04,949: INFO: common: yaml file: params.yaml loaded successfully]
[2024-04-10 19:47:04,957: INFO: common: yaml file: schema.yaml loaded successfully]
[2024-04-10 19:47:04,959: INFO: common: created directory at: artifacts]
[2024-04-10 19:47:04,960: INFO: common: created directory at: artifacts/data_validation]
[2024-04-10 19:47:05,089: INFO: main: >>>>>>> stage DATA VALIDATION STAGE data validation has completed <<<<<<<<<<<<

x=====================x]
[2024-04-10 23:25:54,309: INFO: common: yaml file: config\config.yaml loaded successfully]
[2024-04-10 23:25:54,332: INFO: common: yaml file: params.yaml loaded successfully]
[2024-04-10 23:25:54,335: INFO: common: yaml file: schema.yaml loaded successfully]
[2024-04-10 23:25:54,346: INFO: common: created directory at: artifacts]
[2024-04-10 23:25:54,346: INFO: common: created directory at: artifacts/data_transformation]
[2024-04-10 23:25:54,557: INFO: 03_data_transformation: Splited data into training and testing sets]
[2024-04-10 23:25:54,557: INFO: 03_data_transformation: Train Data Shape : (1199, 12)]
[2024-04-10 23:25:54,557: INFO: 03_data_transformation: Test Data Shape: (400, 12)]
[2024-04-10 23:58:40,774: INFO: main: Welcome to our custom logging.]
[2024-04-10 23:58:40,787: INFO: main: >>>>>>> stage DATA INGESTION STAGE started <<<<<<<<<<<<]
[2024-04-10 23:58:40,790: INFO: common: yaml file: config\config.yaml loaded successfully]
[2024-04-10 23:58:40,791: INFO: common: yaml file: params.yaml loaded successfully]
[2024-04-10 23:58:40,793: INFO: common: yaml file: schema.yaml loaded successfully]
[2024-04-10 23:58:40,807: INFO: common: created directory at: artifacts]
[2024-04-10 23:58:40,808: INFO: common: created directory at: artifacts/data_ingestion]
[2024-04-10 23:58:40,808: INFO: data_ingestion: File already exists of size: ~ 23 KB]
[2024-04-10 23:58:40,840: INFO: main: >>>>>>> stage DATA INGESTION STAGE data ingestion has completed <<<<<<<<<<<<

x=====================x]
[2024-04-10 23:58:40,840: INFO: main: >>>>>>> stage DATA VALIDATION STAGE started <<<<<<<<<<<<]
[2024-04-10 23:58:40,843: INFO: common: yaml file: config\config.yaml loaded successfully]
[2024-04-10 23:58:40,844: INFO: common: yaml file: params.yaml loaded successfully]
[2024-04-10 23:58:40,846: INFO: common: yaml file: schema.yaml loaded successfully]
[2024-04-10 23:58:40,847: INFO: common: created directory at: artifacts]
[2024-04-10 23:58:40,847: INFO: common: created directory at: artifacts/data_validation]
[2024-04-10 23:58:40,891: INFO: main: >>>>>>> stage DATA VALIDATION STAGE data validation has completed <<<<<<<<<<<<

x=====================x]
[2024-04-10 23:58:40,891: INFO: main: >>>>>> stage DATA TRANSFORMATION STAGE started <<<<<<<<<<<<]
[2024-04-10 23:58:40,893: INFO: common: yaml file: config\config.yaml loaded successfully]
[2024-04-10 23:58:40,894: INFO: common: yaml file: params.yaml loaded successfully]
[2024-04-10 23:58:40,897: INFO: common: yaml file: schema.yaml loaded successfully]
[2024-04-10 23:58:40,897: INFO: common: created directory at: artifacts]
[2024-04-10 23:58:40,898: INFO: common: created directory at: artifacts/data_transformation]
[2024-04-10 23:58:41,039: INFO: data_transformation: Splited data into training and testing sets]
[2024-04-10 23:58:41,040: INFO: data_transformation: Train Data Shape : (1199, 12)]
[2024-04-10 23:58:41,040: INFO: data_transformation: Test Data Shape: (400, 12)]
[2024-04-10 23:58:41,040: INFO: main: >>>>>> stage DATA TRANSFORMATION STAGE data transformation has completed <<<<<<<<<

X====================X]
[2024-04-11 12:36:10,963: INFO: common: yaml file: config\config.yaml loaded successfully]
[2024-04-11 12:36:10,976: INFO: common: yaml file: params.yaml loaded successfully]
[2024-04-11 12:36:10,982: INFO: common: yaml file: schema.yaml loaded successfully]
[2024-04-11 12:36:10,983: INFO: common: created directory at: artifacts]
[2024-04-11 12:37:12,070: INFO: common: yaml file: config\config.yaml loaded successfully]
[2024-04-11 12:37:12,072: INFO: common: yaml file: params.yaml loaded successfully]
[2024-04-11 12:37:12,075: INFO: common: yaml file: schema.yaml loaded successfully]
[2024-04-11 12:37:12,076: INFO: common: created directory at: artifacts]
[2024-04-11 12:37:12,077: INFO: common: created directory at: artifacts/model_trainer]
[2024-04-11 12:37:31,621: INFO: common: yaml file: config\config.yaml loaded successfully]
[2024-04-11 12:37:31,624: INFO: common: yaml file: params.yaml loaded successfully]
[2024-04-11 12:37:31,627: INFO: common: yaml file: schema.yaml loaded successfully]
[2024-04-11 12:37:31,628: INFO: common: created directory at: artifacts]
[2024-04-11 12:37:31,629: INFO: common: created directory at: artifacts/model_trainer]
[2024-04-11 12:44:28,792: INFO: main: Welcome to our custom logging.]
[2024-04-11 12:44:28,793: INFO: main: >>>>>>> stage DATA INGESTION STAGE started <<<<<<<<<<<<]
[2024-04-11 12:44:28,796: INFO: common: yaml file: config\config.yaml loaded successfully]
[2024-04-11 12:44:28,798: INFO: common: yaml file: params.yaml loaded successfully]
[2024-04-11 12:44:28,800: INFO: common: yaml file: schema.yaml loaded successfully]
[2024-04-11 12:44:28,801: INFO: common: created directory at: artifacts]
[2024-04-11 12:44:28,802: INFO: common: created directory at: artifacts/data_ingestion]
[2024-04-11 12:44:28,802: INFO: data_ingestion: File already exists of size: ~ 23 KB]
[2024-04-11 12:44:28,857: INFO: main: >>>>>>> stage DATA INGESTION STAGE data ingestion has completed <<<<<<<<<<<<

x=====================x]
[2024-04-11 12:44:28,858: INFO: main: >>>>>>> stage DATA VALIDATION STAGE started <<<<<<<<<<<<]
[2024-04-11 12:44:28,867: INFO: common: yaml file: config\config.yaml loaded successfully]
[2024-04-11 12:44:28,871: INFO: common: yaml file: params.yaml loaded successfully]
[2024-04-11 12:44:28,877: INFO: common: yaml file: schema.yaml loaded successfully]
[2024-04-11 12:44:28,879: INFO: common: created directory at: artifacts]
[2024-04-11 12:44:28,880: INFO: common: created directory at: artifacts/data_validation]
[2024-04-11 12:44:28,913: INFO: main: >>>>>>> stage DATA VALIDATION STAGE data validation has completed <<<<<<<<<<<<

x=====================x]
[2024-04-11 12:44:28,914: INFO: main: >>>>>> stage DATA TRANSFORMATION STAGE started <<<<<<<<<<<<]
[2024-04-11 12:44:28,925: INFO: common: yaml file: config\config.yaml loaded successfully]
[2024-04-11 12:44:28,928: INFO: common: yaml file: params.yaml loaded successfully]
[2024-04-11 12:44:28,935: INFO: common: yaml file: schema.yaml loaded successfully]
[2024-04-11 12:44:28,937: INFO: common: created directory at: artifacts]
[2024-04-11 12:44:28,938: INFO: common: created directory at: artifacts/data_transformation]
[2024-04-11 12:44:29,063: INFO: data_transformation: Splited data into training and testing sets]
[2024-04-11 12:44:29,064: INFO: data_transformation: Train Data Shape : (1199, 12)]
[2024-04-11 12:44:29,064: INFO: data_transformation: Test Data Shape: (400, 12)]
[2024-04-11 12:44:29,065: INFO: main: >>>>>> stage DATA TRANSFORMATION STAGE data transformation has completed <<<<<<<<<

X====================X]
[2024-04-11 12:44:29,066: INFO: main: >>>>>>>>> Stage MODEL TRAINING STAGE started <<<<<<<<<<<<<]
[2024-04-11 12:44:29,078: INFO: common: yaml file: config\config.yaml loaded successfully]
[2024-04-11 12:44:29,081: INFO: common: yaml file: params.yaml loaded successfully]
[2024-04-11 12:44:29,093: INFO: common: yaml file: schema.yaml loaded successfully]
[2024-04-11 12:44:29,095: INFO: common: created directory at: artifacts]
[2024-04-11 12:44:29,096: INFO: common: created directory at: artifacts/model_trainer]
[2024-04-11 12:44:29,098: ERROR: main: "'ConfigBox' object has no attribute 'l1_ration'"]
Traceback (most recent call last):
  File "box\box.py", line 503, in box.box.Box.__getitem__
KeyError: 'l1_ration'

The above exception was the direct cause of the following exception:

Traceback (most recent call last):
  File "box\box.py", line 536, in box.box.Box.__getattr__
  File "box\box.py", line 524, in box.box.Box.__getitem__
box.exceptions.BoxKeyError: "'l1_ration'"

During handling of the above exception, another exception occurred:

Traceback (most recent call last):
  File "box\box.py", line 538, in box.box.Box.__getattr__
AttributeError: 'ConfigBox' object has no attribute 'l1_ration'

The above exception was the direct cause of the following exception:

Traceback (most recent call last):
  File "box\config_box.py", line 28, in box.config_box.ConfigBox.__getattr__
  File "box\box.py", line 552, in box.box.Box.__getattr__
box.exceptions.BoxKeyError: "'ConfigBox' object has no attribute 'l1_ration'"

During handling of the above exception, another exception occurred:

Traceback (most recent call last):
  File "box\box.py", line 503, in box.box.Box.__getitem__
KeyError: 'l1_ration'

The above exception was the direct cause of the following exception:

Traceback (most recent call last):
  File "box\box.py", line 536, in box.box.Box.__getattr__
  File "box\box.py", line 524, in box.box.Box.__getitem__
box.exceptions.BoxKeyError: "'l1_ration'"

During handling of the above exception, another exception occurred:

Traceback (most recent call last):
  File "box\box.py", line 538, in box.box.Box.__getattr__
AttributeError: 'ConfigBox' object has no attribute 'l1_ration'

The above exception was the direct cause of the following exception:

Traceback (most recent call last):
  File "E:\Projects\AWS-ML-Implementation-with-MLFlow\main.py", line 44, in <module>
    obj.main()
  File "E:\Projects\AWS-ML-Implementation-with-MLFlow\src\AWS_ML_Project\pipeline\stage_04_model_trainer.py", line 17, in main
    model_trainer_config = config.get_model_trainer_config()
  File "E:\Projects\AWS-ML-Implementation-with-MLFlow\src\AWS_ML_Project\config\configuration.py", line 91, in get_model_trainer_config
    l1_ratio=params.l1_ration,
  File "box\config_box.py", line 30, in box.config_box.ConfigBox.__getattr__
  File "box\box.py", line 552, in box.box.Box.__getattr__
box.exceptions.BoxKeyError: "'ConfigBox' object has no attribute 'l1_ration'"
[2024-04-11 12:44:46,367: INFO: common: yaml file: config\config.yaml loaded successfully]
[2024-04-11 12:44:46,370: INFO: common: yaml file: params.yaml loaded successfully]
[2024-04-11 12:44:46,374: INFO: common: yaml file: schema.yaml loaded successfully]
[2024-04-11 12:44:46,375: INFO: common: created directory at: artifacts]
[2024-04-11 12:44:46,375: INFO: common: created directory at: artifacts/model_trainer]
[2024-04-11 12:44:56,856: INFO: main: Welcome to our custom logging.]
[2024-04-11 12:44:56,856: INFO: main: >>>>>>> stage DATA INGESTION STAGE started <<<<<<<<<<<<]
[2024-04-11 12:44:56,860: INFO: common: yaml file: config\config.yaml loaded successfully]
[2024-04-11 12:44:56,862: INFO: common: yaml file: params.yaml loaded successfully]
[2024-04-11 12:44:56,866: INFO: common: yaml file: schema.yaml loaded successfully]
[2024-04-11 12:44:56,867: INFO: common: created directory at: artifacts]
[2024-04-11 12:44:56,867: INFO: common: created directory at: artifacts/data_ingestion]
[2024-04-11 12:44:56,868: INFO: data_ingestion: File already exists of size: ~ 23 KB]
[2024-04-11 12:44:56,872: INFO: main: >>>>>>> stage DATA INGESTION STAGE data ingestion has completed <<<<<<<<<<<<

x=====================x]
[2024-04-11 12:44:56,872: INFO: main: >>>>>>> stage DATA VALIDATION STAGE started <<<<<<<<<<<<]
[2024-04-11 12:44:56,876: INFO: common: yaml file: config\config.yaml loaded successfully]
[2024-04-11 12:44:56,878: INFO: common: yaml file: params.yaml loaded successfully]
[2024-04-11 12:44:56,882: INFO: common: yaml file: schema.yaml loaded successfully]
[2024-04-11 12:44:56,883: INFO: common: created directory at: artifacts]
[2024-04-11 12:44:56,883: INFO: common: created directory at: artifacts/data_validation]
[2024-04-11 12:44:56,900: INFO: main: >>>>>>> stage DATA VALIDATION STAGE data validation has completed <<<<<<<<<<<<

x=====================x]
[2024-04-11 12:44:56,900: INFO: main: >>>>>> stage DATA TRANSFORMATION STAGE started <<<<<<<<<<<<]
[2024-04-11 12:44:56,905: INFO: common: yaml file: config\config.yaml loaded successfully]
[2024-04-11 12:44:56,907: INFO: common: yaml file: params.yaml loaded successfully]
[2024-04-11 12:44:56,911: INFO: common: yaml file: schema.yaml loaded successfully]
[2024-04-11 12:44:56,912: INFO: common: created directory at: artifacts]
[2024-04-11 12:44:56,913: INFO: common: created directory at: artifacts/data_transformation]
[2024-04-11 12:44:56,950: INFO: data_transformation: Splited data into training and testing sets]
[2024-04-11 12:44:56,950: INFO: data_transformation: Train Data Shape : (1199, 12)]
[2024-04-11 12:44:56,950: INFO: data_transformation: Test Data Shape: (400, 12)]
[2024-04-11 12:44:56,951: INFO: main: >>>>>> stage DATA TRANSFORMATION STAGE data transformation has completed <<<<<<<<<

X====================X]
[2024-04-11 12:44:56,951: INFO: main: >>>>>>>>> Stage MODEL TRAINING STAGE started <<<<<<<<<<<<<]
[2024-04-11 12:44:56,955: INFO: common: yaml file: config\config.yaml loaded successfully]
[2024-04-11 12:44:56,957: INFO: common: yaml file: params.yaml loaded successfully]
[2024-04-11 12:44:56,960: INFO: common: yaml file: schema.yaml loaded successfully]
[2024-04-11 12:44:56,962: INFO: common: created directory at: artifacts]
[2024-04-11 12:44:56,962: INFO: common: created directory at: artifacts/model_trainer]
[2024-04-11 12:44:56,984: INFO: main: >>>>>>>>> Stage MODEL TRAINING STAGE Model Training has completed <<<<<<<<<<<

X====================X]
